2024.06.18 10:22:58 INFO  Started: Metals version 1.3.1 in folders 'D:\UCSC\2Yr 1Sem\FP\practical1' for client Visual Studio Code 1.90.1.
SLF4J(W): Class path contains multiple SLF4J providers.
SLF4J(W): Found provider [scribe.slf4j.ScribeServiceProvider@171ed31]
SLF4J(W): Found provider [ch.qos.logback.classic.spi.LogbackServiceProvider@d196b40]
SLF4J(W): See https://www.slf4j.org/codes.html#multiple_bindings for an explanation.
SLF4J(I): Actual provider is of type [scribe.slf4j.ScribeServiceProvider@171ed31]
2024.06.18 10:22:58 WARN  Flyway upgrade recommended: H2 2.2.224 is newer than this version of Flyway and support has not been tested. The latest supported version of H2 is 2.2.220.
Jun 18, 2024 10:23:00 AM org.eclipse.lsp4j.jsonrpc.RemoteEndpoint handleCancellation
WARNING: Unmatched cancel notification for request id 2
Jun 18, 2024 10:23:00 AM org.eclipse.lsp4j.jsonrpc.RemoteEndpoint handleCancellation
WARNING: Unmatched cancel notification for request id 1
2024.06.18 10:23:00 INFO  no build target found for D:\UCSC\2Yr 1Sem\FP\practical1\bookprice.scala. Using presentation compiler with project's scala-library version: 3.3.3
2024.06.18 10:23:19 INFO  no build target found for D:\UCSC\2Yr 1Sem\FP\practical1\walkingtime.scala. Using presentation compiler with project's scala-library version: 3.3.3
Jun 18, 2024 10:23:19 AM org.eclipse.lsp4j.jsonrpc.RemoteEndpoint handleCancellation
WARNING: Unmatched cancel notification for request id 9
Jun 18, 2024 10:23:19 AM org.eclipse.lsp4j.jsonrpc.RemoteEndpoint handleCancellation
WARNING: Unmatched cancel notification for request id 12
Jun 18, 2024 10:23:19 AM org.eclipse.lsp4j.jsonrpc.RemoteEndpoint handleCancellation
WARNING: Unmatched cancel notification for request id 6
Jun 18, 2024 10:23:19 AM org.eclipse.lsp4j.jsonrpc.RemoteEndpoint handleCancellation
WARNING: Unmatched cancel notification for request id 10
2024.06.18 10:23:19 INFO  no build target found for D:\UCSC\2Yr 1Sem\FP\practical1\bookprice.scala. Using presentation compiler with project's scala-library version: 3.3.3
2024.06.18 10:23:19 INFO  no build target found for D:\UCSC\2Yr 1Sem\FP\practical1\convertfah.scala. Using presentation compiler with project's scala-library version: 3.3.3
2024.06.18 10:23:19 INFO  no build target found for D:\UCSC\2Yr 1Sem\FP\practical1\convertfah.scala. Using presentation compiler with project's scala-library version: 3.3.3
2024.06.18 10:23:19 INFO  no build target found for D:\UCSC\2Yr 1Sem\FP\practical1\convertfah.scala. Using presentation compiler with project's scala-library version: 3.3.3
2024.06.18 10:23:20 INFO  no build target found for D:\UCSC\2Yr 1Sem\FP\practical1\convertfah.scala. Using presentation compiler with project's scala-library version: 3.3.3
2024.06.18 10:23:23 INFO  no build target found for D:\UCSC\2Yr 1Sem\FP\practical1\convertfah.scala. Using presentation compiler with project's scala-library version: 3.3.3
2024.06.18 10:23:26 INFO  no build target found for D:\UCSC\2Yr 1Sem\FP\practical1\convertfah.scala. Using presentation compiler with project's scala-library version: 3.3.3
2024.06.18 10:23:27 INFO  no build target found for D:\UCSC\2Yr 1Sem\FP\practical1\convertfah.scala. Using presentation compiler with project's scala-library version: 3.3.3
2024.06.18 10:23:32 INFO  no build target found for D:\UCSC\2Yr 1Sem\FP\practical1\convertfah.scala. Using presentation compiler with project's scala-library version: 3.3.3
2024.06.18 10:23:32 INFO  no build target found for D:\UCSC\2Yr 1Sem\FP\practical1\convertfah.scala. Using presentation compiler with project's scala-library version: 3.3.3
2024.06.18 10:23:32 INFO  no build target found for D:\UCSC\2Yr 1Sem\FP\practical1\convertfah.scala. Using presentation compiler with project's scala-library version: 3.3.3
2024.06.18 10:23:34 INFO  no build target found for D:\UCSC\2Yr 1Sem\FP\practical1\convertfah.scala. Using presentation compiler with project's scala-library version: 3.3.3
2024.06.18 10:23:34 INFO  no build target found for D:\UCSC\2Yr 1Sem\FP\practical1\convertfah.scala. Using presentation compiler with project's scala-library version: 3.3.3
2024.06.18 10:23:39 INFO  no build target found for D:\UCSC\2Yr 1Sem\FP\practical1\convertfah.scala. Using presentation compiler with project's scala-library version: 3.3.3
2024.06.18 10:23:41 INFO  no build target found for D:\UCSC\2Yr 1Sem\FP\practical1\convertfah.scala. Using presentation compiler with project's scala-library version: 3.3.3
2024.06.18 10:23:41 INFO  Running List(C:\Users\123\AppData\Local\Coursier\data\bin\scala-cli.BAT, setup-ide, D:\UCSC\2Yr 1Sem\FP\practical1)
2024.06.18 10:23:41 INFO  Attempting to connect to the build server...
2024.06.18 10:23:41 INFO  Running BSP server List(C:\Users\123\AppData\Local\Coursier\data\bin\.scala-cli.aux.exe, bsp, --json-options, D:\UCSC\2Yr 1Sem\FP\practical1\.scala-build\ide-options-v2.json, --json-launcher-options, D:\UCSC\2Yr 1Sem\FP\practical1\.scala-build\ide-launcher-options.json, --envs-file, D:\UCSC\2Yr 1Sem\FP\practical1\.scala-build\ide-envs.json, D:\UCSC\2Yr 1Sem\FP\practical1)
2024.06.18 10:23:41 INFO  tracing is disabled for protocol BSP, to enable tracing of incoming and outgoing JSON messages create an empty file at D:\UCSC\2Yr 1Sem\FP\practical1\.metals\bsp.trace.json or C:\Users\123\AppData\Local\scalameta\metals\cache\bsp.trace.json
2024.06.18 10:23:41 INFO  no build target found for D:\UCSC\2Yr 1Sem\FP\practical1\convertfah.scala. Using presentation compiler with project's scala-library version: 3.3.3
2024.06.18 10:23:43 INFO  no build target found for D:\UCSC\2Yr 1Sem\FP\practical1\convertfah.scala. Using presentation compiler with project's scala-library version: 3.3.3
2024.06.18 10:23:44 INFO  BSP server: Starting compilation server
2024.06.18 10:23:44 INFO  no build target found for D:\UCSC\2Yr 1Sem\FP\practical1\convertfah.scala. Using presentation compiler with project's scala-library version: 3.3.3
2024.06.18 10:23:46 INFO  no build target found for D:\UCSC\2Yr 1Sem\FP\practical1\convertfah.scala. Using presentation compiler with project's scala-library version: 3.3.3
2024.06.18 10:23:47 INFO  no build target found for D:\UCSC\2Yr 1Sem\FP\practical1\convertfah.scala. Using presentation compiler with project's scala-library version: 3.3.3
2024.06.18 10:23:47 INFO  no build target found for D:\UCSC\2Yr 1Sem\FP\practical1\convertfah.scala. Using presentation compiler with project's scala-library version: 3.3.3
2024.06.18 10:23:47 INFO  no build target found for D:\UCSC\2Yr 1Sem\FP\practical1\convertfah.scala. Using presentation compiler with project's scala-library version: 3.3.3
2024.06.18 10:23:49 INFO  time: Connected to build server in 7.67s
2024.06.18 10:23:49 INFO  Connected to Build server: scala-cli v1.3.2
2024.06.18 10:23:49 INFO  time: Imported build in 0.38s
2024.06.18 10:23:50 INFO  compiling practical1_ff3ffe18cb (5 scala sources)
2024.06.18 10:23:53 INFO  time: compiled practical1_ff3ffe18cb in 3.19s
2024.06.18 10:23:53 INFO  compiling practical1_ff3ffe18cb (5 scala sources)
2024.06.18 10:23:53 INFO  time: compiled practical1_ff3ffe18cb in 0.37s
Jun 18, 2024 10:23:55 AM org.eclipse.lsp4j.jsonrpc.RemoteEndpoint handleCancellation
WARNING: Unmatched cancel notification for request id 64
2024.06.18 10:23:59 INFO  time: indexed workspace in 9.26s
2024.06.18 10:23:59 INFO  compiling practical1_ff3ffe18cb (5 scala sources)
2024.06.18 10:23:59 INFO  time: compiled practical1_ff3ffe18cb in 0.27s
2024.06.18 10:23:59 INFO  compiling practical1_ff3ffe18cb (5 scala sources)
2024.06.18 10:23:59 INFO  time: compiled practical1_ff3ffe18cb in 0.26s
2024.06.18 10:24:00 INFO  compiling practical1_ff3ffe18cb (5 scala sources)
2024.06.18 10:24:00 INFO  time: compiled practical1_ff3ffe18cb in 0.27s
2024.06.18 10:25:01 INFO  Shutting down server
2024.06.18 10:25:01 INFO  shutting down Metals
2024.06.18 10:25:01 INFO  Shut down connection with build server.
2024.06.18 10:25:01 INFO  Exiting server
2024.06.22 22:13:56 INFO  Started: Metals version 1.3.1 in folders 'D:\UCSC\2Yr 1Sem\FP\practical1' for client Visual Studio Code 1.90.1.
SLF4J(W): Class path contains multiple SLF4J providers.
SLF4J(W): Found provider [scribe.slf4j.ScribeServiceProvider@6f8f7873]
SLF4J(W): Found provider [ch.qos.logback.classic.spi.LogbackServiceProvider@3e3f93bf]
SLF4J(W): See https://www.slf4j.org/codes.html#multiple_bindings for an explanation.
SLF4J(I): Actual provider is of type [scribe.slf4j.ScribeServiceProvider@6f8f7873]
2024.06.22 22:13:56 WARN  Flyway upgrade recommended: H2 2.2.224 is newer than this version of Flyway and support has not been tested. The latest supported version of H2 is 2.2.220.
2024.06.22 22:13:57 INFO  no build target found for D:\UCSC\2Yr 1Sem\FP\practical1\convertfah.scala. Using presentation compiler with project's scala-library version: 3.3.3
2024.06.22 22:13:58 INFO  Attempting to connect to the build server...
2024.06.22 22:13:58 INFO  Running BSP server List(C:\Users\123\AppData\Local\Coursier\data\bin\.scala-cli.aux.exe, bsp, --json-options, D:\UCSC\2Yr 1Sem\FP\practical1\.scala-build\ide-options-v2.json, --json-launcher-options, D:\UCSC\2Yr 1Sem\FP\practical1\.scala-build\ide-launcher-options.json, --envs-file, D:\UCSC\2Yr 1Sem\FP\practical1\.scala-build\ide-envs.json, D:\UCSC\2Yr 1Sem\FP\practical1)
2024.06.22 22:14:01 INFO  tracing is disabled for protocol BSP, to enable tracing of incoming and outgoing JSON messages create an empty file at D:\UCSC\2Yr 1Sem\FP\practical1\.metals\bsp.trace.json or C:\Users\123\AppData\Local\scalameta\metals\cache\bsp.trace.json
2024.06.22 22:14:03 INFO  BSP server: Starting compilation server
2024.06.22 22:14:08 INFO  time: Connected to build server in 9.71s
2024.06.22 22:14:08 INFO  Connected to Build server: scala-cli v1.3.2
2024.06.22 22:14:08 INFO  time: Imported build in 0.15s
2024.06.22 22:14:09 INFO  compiling practical1_ff3ffe18cb (5 scala sources)
2024.06.22 22:14:10 INFO  Shutting down server
2024.06.22 22:14:10 INFO  shutting down Metals
2024.06.22 22:14:10 INFO  Shut down connection with build server.
2024.06.22 22:14:10 INFO  Exiting server
