2024.07.30 11:13:17 INFO  Started: Metals version 1.3.4 in folders 'D:\UCSC\2Yr 1Sem\FP\practical6' for client Visual Studio Code 1.91.1.
SLF4J(W): Class path contains multiple SLF4J providers.
SLF4J(W): Found provider [scribe.slf4j.ScribeServiceProvider@11c226b]
SLF4J(W): Found provider [ch.qos.logback.classic.spi.LogbackServiceProvider@1c954b8]
SLF4J(W): See https://www.slf4j.org/codes.html#multiple_bindings for an explanation.
SLF4J(I): Actual provider is of type [scribe.slf4j.ScribeServiceProvider@11c226b]
2024.07.30 11:13:17 WARN  Flyway upgrade recommended: H2 2.3.230 is newer than this version of Flyway and support has not been tested. The latest supported version of H2 is 2.2.220.
Jul 30, 2024 11:13:20 AM org.eclipse.lsp4j.jsonrpc.RemoteEndpoint handleCancellation
WARNING: Unmatched cancel notification for request id 1
2024.07.30 11:13:20 INFO  no build target found for D:\UCSC\2Yr 1Sem\FP\practical6\q2.scala. Using presentation compiler with project's scala-library version: 3.3.3
2024.07.30 11:13:32 INFO  Running List(C:\Users\123\AppData\Local\Coursier\data\bin\scala-cli.BAT, setup-ide, D:\UCSC\2Yr 1Sem\FP\practical6)
2024.07.30 11:13:32 INFO  Attempting to connect to the build server...
2024.07.30 11:13:32 INFO  Running BSP server List(C:\Users\123\AppData\Local\Coursier\data\bin\.scala-cli.aux.exe, bsp, --json-options, D:\UCSC\2Yr 1Sem\FP\practical6\.scala-build\ide-options-v2.json, --json-launcher-options, D:\UCSC\2Yr 1Sem\FP\practical6\.scala-build\ide-launcher-options.json, --envs-file, D:\UCSC\2Yr 1Sem\FP\practical6\.scala-build\ide-envs.json, D:\UCSC\2Yr 1Sem\FP\practical6)
2024.07.30 11:13:32 INFO  tracing is disabled for protocol BSP, to enable tracing of incoming and outgoing JSON messages create an empty file at D:\UCSC\2Yr 1Sem\FP\practical6\.metals\bsp.trace.json or C:\Users\123\AppData\Local\scalameta\metals\cache\bsp.trace.json
2024.07.30 11:13:35 INFO  BSP server: Starting compilation server
2024.07.30 11:13:50 INFO  time: Connected to build server in 17s
2024.07.30 11:13:50 INFO  Connected to Build server: scala-cli v1.3.2
2024.07.30 11:13:50 INFO  time: Imported build in 0.38s
2024.07.30 11:13:51 INFO  compiling practical6_ff3ffe18cb (2 scala sources)
2024.07.30 11:14:02 INFO  running doctor check
2024.07.30 11:14:02 INFO  java targets: practical6_ff3ffe18cb, practical6_ff3ffe18cb-test
2024.07.30 11:14:08 WARN  Flyway upgrade recommended: H2 2.3.230 is newer than this version of Flyway and support has not been tested. The latest supported version of H2 is 2.2.220.
2024.07.30 11:14:09 INFO  time: indexed workspace in 7.32s
2024.07.30 11:23:47 WARN  Flyway upgrade recommended: H2 2.3.230 is newer than this version of Flyway and support has not been tested. The latest supported version of H2 is 2.2.220.
2024.07.30 11:23:47 INFO  no build target found for D:\UCSC\2Yr 1Sem\FP\practical5\q1.scala. Using presentation compiler with project's scala-library version: 3.3.3
Jul 30, 2024 11:23:47 AM org.eclipse.lsp4j.jsonrpc.RemoteEndpoint handleCancellation
WARNING: Unmatched cancel notification for request id 123
2024.07.30 11:23:50 INFO  time: code lens generation in 2.66s
2024.07.30 11:24:21 INFO  Running List(C:\Users\123\AppData\Local\Coursier\data\bin\scala-cli.BAT, bsp, --workspace, D:\UCSC\2Yr 1Sem\FP\practical5\.metals-scala-cli, --semantic-db-source-root, D:\UCSC\2Yr 1Sem\FP\practical5, D:\UCSC\2Yr 1Sem\FP\practical5\q1.scala)
2024.07.30 11:24:21 INFO  tracing is disabled for protocol BSP, to enable tracing of incoming and outgoing JSON messages create an empty file at D:\UCSC\2Yr 1Sem\FP\practical5\.metals\bsp.trace.json or C:\Users\123\AppData\Local\scalameta\metals\cache\bsp.trace.json
2024.07.30 11:24:21 INFO  no build target found for D:\UCSC\2Yr 1Sem\FP\practical5\q1.scala. Using presentation compiler with project's scala-library version: 3.3.3
2024.07.30 11:24:23 INFO  no build target found for D:\UCSC\2Yr 1Sem\FP\practical5\q1.scala. Using presentation compiler with project's scala-library version: 3.3.3
2024.07.30 11:24:23 INFO  no build target found for D:\UCSC\2Yr 1Sem\FP\practical5\q1.scala. Using presentation compiler with project's scala-library version: 3.3.3
2024.07.30 11:24:24 INFO  no build target found for D:\UCSC\2Yr 1Sem\FP\practical5\q1.scala. Using presentation compiler with project's scala-library version: 3.3.3
2024.07.30 11:24:25 INFO  Connected to Scala CLI server v1.3.2
2024.07.30 11:24:25 INFO  compiling _dde740738b-ee3697b83f (1 scala source)
2024.07.30 11:24:25 INFO  time: compiled _dde740738b-ee3697b83f in 0.93s
2024.07.30 11:24:28 WARN  Flyway upgrade recommended: H2 2.3.230 is newer than this version of Flyway and support has not been tested. The latest supported version of H2 is 2.2.220.
2024.07.30 11:24:29 INFO  time: indexed workspace in 4.16s
2024.07.30 11:24:30 INFO  Scala CLI started for D:\UCSC\2Yr 1Sem\FP\practical5\q1.scala
2024.07.30 11:25:37 INFO  Shut down connection with build server.
2024.07.30 11:27:57 INFO  Shutting down server
2024.07.30 11:27:57 INFO  shutting down Metals
2024.07.30 11:27:57 INFO  Shut down connection with build server.
2024.07.30 11:27:57 INFO  Exiting server
