2024.07.09 00:26:47 INFO  Started: Metals version 1.3.2 in folders 'D:\UCSC\2Yr 1Sem\FP\practical4' for client Visual Studio Code 1.91.0.
SLF4J(W): Class path contains multiple SLF4J providers.
SLF4J(W): Found provider [scribe.slf4j.ScribeServiceProvider@278f8c4c]
SLF4J(W): Found provider [ch.qos.logback.classic.spi.LogbackServiceProvider@7a3d7e50]
SLF4J(W): See https://www.slf4j.org/codes.html#multiple_bindings for an explanation.
SLF4J(I): Actual provider is of type [scribe.slf4j.ScribeServiceProvider@278f8c4c]
2024.07.09 00:26:47 WARN  Flyway upgrade recommended: H2 2.2.224 is newer than this version of Flyway and support has not been tested. The latest supported version of H2 is 2.2.220.
2024.07.09 00:26:49 INFO  no build target found for D:\UCSC\2Yr 1Sem\FP\practical4\q1.scala. Using presentation compiler with project's scala-library version: 3.3.3
2024.07.09 00:26:52 INFO  Running List(C:\Users\123\AppData\Local\Coursier\data\bin\scala-cli.BAT, setup-ide, D:\UCSC\2Yr 1Sem\FP\practical4)
2024.07.09 00:26:53 INFO  Attempting to connect to the build server...
2024.07.09 00:26:53 INFO  Running BSP server List(C:\Users\123\AppData\Local\Coursier\data\bin\.scala-cli.aux.exe, bsp, --json-options, D:\UCSC\2Yr 1Sem\FP\practical4\.scala-build\ide-options-v2.json, --json-launcher-options, D:\UCSC\2Yr 1Sem\FP\practical4\.scala-build\ide-launcher-options.json, --envs-file, D:\UCSC\2Yr 1Sem\FP\practical4\.scala-build\ide-envs.json, D:\UCSC\2Yr 1Sem\FP\practical4)
2024.07.09 00:26:52 INFO  tracing is disabled for protocol BSP, to enable tracing of incoming and outgoing JSON messages create an empty file at D:\UCSC\2Yr 1Sem\FP\practical4\.metals\bsp.trace.json or C:\Users\123\AppData\Local\scalameta\metals\cache\bsp.trace.json
2024.07.09 00:26:55 INFO  BSP server: Starting compilation server
2024.07.09 00:27:00 INFO  time: Connected to build server in 7.42s
2024.07.09 00:27:00 INFO  Connected to Build server: scala-cli v1.3.2
2024.07.09 00:27:00 INFO  time: Imported build in 0.3s
2024.07.09 00:27:01 INFO  compiling practical4_ff3ffe18cb (1 scala source)
2024.07.09 00:27:07 INFO  time: compiled practical4_ff3ffe18cb in 6.2s
2024.07.09 00:27:09 INFO  time: indexed workspace in 8.32s
2024.07.09 00:27:57 INFO  no build target found for D:\UCSC\2Yr 1Sem\FP\practical4\q2.scala. Using presentation compiler with project's scala-library version: 3.3.3
2024.07.09 00:27:57 INFO  no build target found for D:\UCSC\2Yr 1Sem\FP\practical4\q2.scala. Using presentation compiler with project's scala-library version: 3.3.3
2024.07.09 00:27:57 WARN  Could not find semantic tokens for: file:///D:/UCSC/2Yr%201Sem/FP/practical4/q2.scala
2024.07.09 00:27:58 INFO  compiling practical4_ff3ffe18cb (1 scala source)
2024.07.09 00:27:58 INFO  time: compiled practical4_ff3ffe18cb in 0.34s
2024.07.09 00:28:00 INFO  time: indexed workspace in 2.05s
2024.07.09 00:28:07 INFO  compiling practical4_ff3ffe18cb (1 scala source)
2024.07.09 00:28:08 INFO  time: compiled practical4_ff3ffe18cb in 1.42s
2024.07.09 00:29:06 INFO  no build target found for D:\UCSC\2Yr 1Sem\FP\practical4\q3.scala. Using presentation compiler with project's scala-library version: 3.3.3
2024.07.09 00:29:06 INFO  no build target found for D:\UCSC\2Yr 1Sem\FP\practical4\q3.scala. Using presentation compiler with project's scala-library version: 3.3.3
2024.07.09 00:29:06 WARN  Could not find semantic tokens for: file:///D:/UCSC/2Yr%201Sem/FP/practical4/q3.scala
2024.07.09 00:29:06 INFO  compiling practical4_ff3ffe18cb (1 scala source)
2024.07.09 00:29:06 INFO  time: compiled practical4_ff3ffe18cb in 0.12s
2024.07.09 00:29:07 WARN  Could not find semantic tokens for: file:///D:/UCSC/2Yr%201Sem/FP/practical4/q3.scala
2024.07.09 00:29:08 INFO  time: indexed workspace in 1.73s
2024.07.09 00:29:08 WARN  Could not find semantic tokens for: file:///D:/UCSC/2Yr%201Sem/FP/practical4/q3.scala
2024.07.09 00:29:11 WARN  Could not find semantic tokens for: file:///D:/UCSC/2Yr%201Sem/FP/practical4/q3.scala
2024.07.09 00:29:45 INFO  compiling practical4_ff3ffe18cb (1 scala source)
2024.07.09 00:29:45 INFO  time: compiled practical4_ff3ffe18cb in 0.69s
2024.07.09 00:30:16 INFO  Shutting down server
2024.07.09 00:30:16 INFO  shutting down Metals
2024.07.09 00:30:16 INFO  Shut down connection with build server.
2024.07.09 00:30:16 INFO  Exiting server
